


ARM Macro Assembler    Page 1 


    1 00000000         ; Print.s
    2 00000000         ; Student names: change this to your names or look very 
                       silly
    3 00000000         ; Last modification date: change this to the last modifi
                       cation date or look very silly
    4 00000000         ; Runs on LM4F120 or TM4C123
    5 00000000         ; EE319K lab 7 device driver for any LCD
    6 00000000         ;
    7 00000000         ; As part of Lab 7, students need to implement these LCD
                       _OutDec and LCD_OutFix
    8 00000000         ; This driver assumes two low-level LCD functions
    9 00000000         ; ST7735_OutChar   outputs a single 8-bit ASCII characte
                       r
   10 00000000         ; ST7735_OutString outputs a null-terminated string 
   11 00000000         
   12 00000000                 IMPORT           ST7735_OutChar
   13 00000000                 IMPORT           ST7735_OutString
   14 00000000                 EXPORT           LCD_OutDec
   15 00000000                 EXPORT           LCD_OutFix
   16 00000000         
   17 00000000                 AREA             |.text|, CODE, READONLY, ALIGN=
2
   18 00000000                 PRESERVE8
   19 00000000                 THUMB
   20 00000000         
   21 00000000         
   22 00000000         
   23 00000000         ;-----------------------LCD_OutDec----------------------
                       -
   24 00000000         ; Output a 32-bit number in unsigned decimal format
   25 00000000         ; Input: R0 (call by value) 32-bit unsigned number
   26 00000000         ; Output: none
   27 00000000         ; Invariables: This function must not permanently modify
                        registers R4 to R11
   28 00000000         
   29 00000000         LCD_OutDec
   30 00000000 E92D 4FF0       PUSH             {R4-R11, LR}
   31 00000004 F04F 010A       MOV              R1, #10     ; R4
   32 00000008 F04F 0300       MOV              R3, #0
   33 0000000C         find_rem
   34 0000000C B081            SUB              SP, SP, #4  ;DONE 
   35 0000000E 4605            MOV              R5, R0      ;DONE R7,R0
   36 00000010 FBB0 F0F1       UDIV             R0,R1       ;DONE R2,R0,R4
   37 00000014 FB00 F201       MUL              R2, R0, R1  ; R2, R0,R4
   38 00000018 EBA5 0202       SUB              R2, R5, R2  ;DONE R3,R7,R2
   39 0000001C F88D 2000       STRB             R2, [SP]    ; DONE R3,SP
   40 00000020 F103 0301       ADD              R3, R3, #1  ; DONE R6,1
   41 00000024 2800            CMP              R0 ,#0      ; DONE
   42 00000026 D000            BEQ              done_finding_rem ;DONE 
   43 00000028 E7F0            B                find_rem
   44 0000002A         
   45 0000002A         done_finding_rem
   46 0000002A 461C            MOV              R4, R3      ; R8,R6
   47 0000002C         output
   48 0000002C F89D 0000       LDRB             R0, [SP]
   49 00000030 F100 0030       ADD              R0 ,R0, #0x30
   50 00000034 F7FF FFFE       BL               ST7735_OutChar
   51 00000038 BF00            NOP
   52 0000003A F11D 0D04       ADDS             R13, R13, #4



ARM Macro Assembler    Page 2 


   53 0000003E F1A4 0401       SUB              R4, R4, #1
   54 00000042 2C00            CMP              R4, #0
   55 00000044 D000            BEQ              done_pop
   56 00000046 E7F1            B                output
   57 00000048         done_pop
   58 00000048 E8BD 4FF0       POP              {R4-R11, LR}
   59 0000004C 4770            BX               LR
   60 0000004E         ;* * * * * * * * End of LCD_OutDec * * * * * * * *
   61 0000004E         
   62 0000004E         ; -----------------------LCD _OutFix--------------------
                       --
   63 0000004E         ; Output characters to LCD display in fixed-point format
                       
   64 0000004E         ; unsigned decimal, resolution 0.001, range 0.000 to 9.9
                       99
   65 0000004E         ; Inputs:  R0 is an unsigned 32-bit number
   66 0000004E         ; Outputs: none
   67 0000004E         ; E.g., R0=0,    then output "0.000 "
   68 0000004E         ;       R0=3,    then output "0.003 "
   69 0000004E         ;       R0=89,   then output "0.089 "
   70 0000004E         ;       R0=123,  then output "0.123 "
   71 0000004E         ;       R0=9999, then output "9.999 "
   72 0000004E         ;       R0>9999, then output "*.*** "
   73 0000004E         ; Invariables: This function must not permanently modify
                        registers R4 to R11
   74 0000004E         LCD_OutFix
   75 0000004E         ; change r8 to r7
   76 0000004E E92D 4FF0       PUSH             {R4-R11,LR} ;DONE
   77 00000052 F04F 0401       MOV              R4, #1      ; 
   78 00000056 F242 7810       MOV              R8, #10000  ;
   79 0000005A 4540            CMP              R0, R8      ;
   80 0000005C D225            BHS              asterisk
   81 0000005E         divide
   82 0000005E 2C05            CMP              R4, #5      ;
   83 00000060 D00E            BEQ              out_number
   84 00000062 F04F 010A       MOV              R1, #10     ; 
   85 00000066 4605            MOV              R5, R0      ;
   86 00000068 FBB0 F0F1       UDIV             R0, R0, R1  ;
   87 0000006C FB00 F201       MUL              R2, R0, R1  ; 
   88 00000070 EBA5 0202       SUB              R2, R5, R2  ; 
   89 00000074 B081            SUB              SP, SP, #4  ; 
   90 00000076 F88D 2000       STRB             R2, [SP]    ;
   91 0000007A F104 0401       ADD              R4, R4, #1  ;
   92 0000007E E7EE            B                divide      ;DONE
   93 00000080         
   94 00000080         out_number
   95 00000080 2C00            CMP              R4, #0      ; 
   96 00000082 D026            BEQ              done        ;
   97 00000084 2C04            CMP              R4, #4      ; 
   98 00000086 D007            BEQ              out_decimal ; 
   99 00000088 F89D 0000       LDRB             R0, [SP]    ; 
  100 0000008C F7FF FFFE       BL               LCD_OutDec  ;
  101 00000090 B001            ADD              SP, SP, #4  ;
  102 00000092 F1A4 0401       SUB              R4, R4, #1  ;
  103 00000096 E7F3            B                out_number  ;
  104 00000098         out_decimal                          ;
  105 00000098 4607            MOV              R7, R0      ;
  106 0000009A F04F 002E       MOV              R0, #0x2E   ;
  107 0000009E F7FF FFFE       BL               ST7735_OutChar ;



ARM Macro Assembler    Page 3 


  108 000000A2 F1A4 0401       SUB              R4, R4, #1  ;
  109 000000A6 4638            MOV              R0, R7      ;
  110 000000A8 E7EA            B                out_number  ;
  111 000000AA         
  112 000000AA         asterisk                             ;DONE
  113 000000AA F04F 002A       MOV              R0, #0x2A   ;DONE
  114 000000AE F7FF FFFE       BL               ST7735_OutChar ;DONE
  115 000000B2 F04F 002E       MOV              R0, #0x2E   ;DONE
  116 000000B6 F7FF FFFE       BL               ST7735_OutChar ;DONE
  117 000000BA F04F 002A       MOV              R0, #0x2A   ;DONE
  118 000000BE F7FF FFFE       BL               ST7735_OutChar ;DONE
  119 000000C2 F04F 002A       MOV              R0, #0x2A   ;DONE
  120 000000C6 F7FF FFFE       BL               ST7735_OutChar ;DONE
  121 000000CA F04F 002A       MOV              R0, #0x2A   ;DONE
  122 000000CE F7FF FFFE       BL               ST7735_OutChar ;DONE
  123 000000D2         done
  124 000000D2 E8BD 4FF0       POP              {R4-R11,LR} ;DONE
  125 000000D6 4770            BX               LR
  126 000000D8         
  127 000000D8                 ALIGN
  128 000000D8         ;* * * * * * * * End of LCD_OutFix * * * * * * * *
  129 000000D8         
  130 000000D8                 ALIGN                        ; make sure the end
                                                             of this section is
                                                             aligned
  131 000000D8                 END                          ; end of file
Command Line: --debug --xref --cpu=Cortex-M4 --apcs=interwork --depend=.\print.
d -o.\print.o -IC:\Keil\ARM\RV31\INC -IC:\Keil\ARM\CMSIS\Include -IC:\Keil\ARM\
Inc\Luminary --predefine="__EVAL SETA 1" --list=.\print.lst Print.s



ARM Macro Assembler    Page 1 Alphabetic symbol ordering
Relocatable symbols

.text 00000000

Symbol: .text
   Definitions
      At line 17 in file Print.s
   Uses
      None
Comment: .text unused
LCD_OutDec 00000000

Symbol: LCD_OutDec
   Definitions
      At line 29 in file Print.s
   Uses
      At line 14 in file Print.s
      At line 100 in file Print.s

LCD_OutFix 0000004E

Symbol: LCD_OutFix
   Definitions
      At line 74 in file Print.s
   Uses
      At line 15 in file Print.s
Comment: LCD_OutFix used once
asterisk 000000AA

Symbol: asterisk
   Definitions
      At line 112 in file Print.s
   Uses
      At line 80 in file Print.s
Comment: asterisk used once
divide 0000005E

Symbol: divide
   Definitions
      At line 81 in file Print.s
   Uses
      At line 92 in file Print.s
Comment: divide used once
done 000000D2

Symbol: done
   Definitions
      At line 123 in file Print.s
   Uses
      At line 96 in file Print.s
Comment: done used once
done_finding_rem 0000002A

Symbol: done_finding_rem
   Definitions
      At line 45 in file Print.s
   Uses
      At line 42 in file Print.s
Comment: done_finding_rem used once
done_pop 00000048




ARM Macro Assembler    Page 2 Alphabetic symbol ordering
Relocatable symbols

Symbol: done_pop
   Definitions
      At line 57 in file Print.s
   Uses
      At line 55 in file Print.s
Comment: done_pop used once
find_rem 0000000C

Symbol: find_rem
   Definitions
      At line 33 in file Print.s
   Uses
      At line 43 in file Print.s
Comment: find_rem used once
out_decimal 00000098

Symbol: out_decimal
   Definitions
      At line 104 in file Print.s
   Uses
      At line 98 in file Print.s
Comment: out_decimal used once
out_number 00000080

Symbol: out_number
   Definitions
      At line 94 in file Print.s
   Uses
      At line 83 in file Print.s
      At line 103 in file Print.s
      At line 110 in file Print.s

output 0000002C

Symbol: output
   Definitions
      At line 47 in file Print.s
   Uses
      At line 56 in file Print.s
Comment: output used once
12 symbols



ARM Macro Assembler    Page 1 Alphabetic symbol ordering
External symbols

ST7735_OutChar 00000000

Symbol: ST7735_OutChar
   Definitions
      At line 12 in file Print.s
   Uses
      At line 50 in file Print.s
      At line 107 in file Print.s
      At line 114 in file Print.s
      At line 116 in file Print.s
      At line 118 in file Print.s
      At line 120 in file Print.s
      At line 122 in file Print.s

ST7735_OutString 00000000

Symbol: ST7735_OutString
   Definitions
      At line 13 in file Print.s
   Uses
      None
Comment: ST7735_OutString unused
2 symbols
345 symbols in table
